[2021-12-30T17:42:40.575917+00:00] Logout.INFO: Benutzer abgemeldet [] []
[2021-12-30T17:42:40.621894+00:00] name.INFO: Zugriff auf die Hauptseite von einem unbekannten [] []
[2021-12-30T17:42:49.622689+00:00] name.INFO: Benutzer falsche Angaben [] []
[2021-12-30T17:43:18.872000+00:00] name.INFO: Angemeldet als:  ["admin@emensa.example"] []
[2021-12-30T17:43:18.916963+00:00] name.INFO: Zugriff auf die Hauptseite von einem unbekannten [] []
[2021-12-30T17:44:05.458876+00:00] name.INFO: Zugriff auf die Hauptseite von einem unbekannten [] []
[2021-12-30T18:31:46.353659+00:00] name.INFO: Zugriff auf die Hauptseite von einem unbekannten [] []
[2021-12-30T18:33:44.850568+00:00] Logout.INFO: Benutzer abgemeldet [] []
[2021-12-30T18:33:44.881336+00:00] name.INFO: Zugriff auf die Hauptseite von einem unbekannten [] []
[2021-12-30T18:33:55.014313+00:00] name.INFO: Angemeldet als:  ["admin@emensa.example"] []
[2021-12-30T18:33:55.061957+00:00] name.INFO: Zugriff auf die Hauptseite von einem unbekannten [] []
[2021-12-30T18:34:32.259526+00:00] name.INFO: Zugriff auf die Hauptseite von einem unbekannten [] []
[2021-12-30T18:34:36.003480+00:00] name.INFO: Zugriff auf die Hauptseite von einem unbekannten [] []
[2021-12-30T18:41:43.706437+00:00] Logout.INFO: Benutzer abgemeldet [] []
[2021-12-30T18:41:43.782736+00:00] name.INFO: Zugriff auf die Hauptseite von einem unbekannten [] []
[2021-12-30T18:41:46.010202+00:00] name.INFO: Zugriff auf die Hauptseite von einem unbekannten [] []
[2021-12-30T18:41:51.575898+00:00] name.INFO: Angemeldet als:  ["admin@emensa.example"] []
[2021-12-30T18:42:37.269428+00:00] name.INFO: Angemeldet als:  ["admin@emensa.example"] []
[2021-12-30T18:42:44.271730+00:00] name.INFO: Angemeldet als:  ["admin@emensa.example"] []
[2021-12-30T18:43:23.236253+00:00] name.INFO: Benutzer falsche Angaben [] []
[2021-12-30T18:45:21.755202+00:00] name.INFO: Zugriff auf die Hauptseite von einem unbekannten [] []
[2021-12-30T18:45:30.023650+00:00] name.INFO: Angemeldet als:  ["admin@emensa.example"] []
[2021-12-30T18:45:30.080875+00:00] name.INFO: Zugriff auf die Hauptseite von einem unbekannten [] []
[2021-12-30T18:45:35.292238+00:00] Logout.INFO: Benutzer abgemeldet [] []
[2021-12-30T18:45:35.320685+00:00] name.INFO: Zugriff auf die Hauptseite von einem unbekannten [] []
[2021-12-30T18:49:22.858025+00:00] name.INFO: Angemeldet als:  ["admin@emensa.example"] []
[2021-12-30T18:49:22.895706+00:00] name.INFO: Zugriff auf die Hauptseite von einem unbekannten [] []
[2021-12-30T18:52:40.249938+00:00] Logout.INFO: Benutzer abgemeldet [] []
[2021-12-30T18:52:40.306732+00:00] name.INFO: Zugriff auf die Hauptseite von einem unbekannten [] []
[2021-12-30T18:52:45.367737+00:00] name.INFO: Angemeldet als:  ["admin@emensa.example"] []
[2021-12-30T18:52:45.399945+00:00] name.INFO: Zugriff auf die Hauptseite von einem unbekannten [] []
[2021-12-30T18:55:49.431806+00:00] Logout.INFO: Benutzer abgemeldet [] []
[2021-12-30T18:55:49.465869+00:00] name.INFO: Zugriff auf die Hauptseite von einem unbekannten [] []
[2021-12-30T18:55:55.262579+00:00] name.INFO: Benutzer falsche Angaben [] []
[2021-12-30T18:56:20.907609+00:00] name.INFO: Benutzer falsche Angaben [] []
[2021-12-30T18:56:23.930070+00:00] name.INFO: Benutzer falsche Angaben [] []
[2021-12-30T18:56:39.244161+00:00] name.INFO: Angemeldet als:  ["admin@emensa.example"] []
[2021-12-30T18:56:39.286882+00:00] name.INFO: Zugriff auf die Hauptseite von einem unbekannten [] []
[2021-12-30T18:57:25.772819+00:00] Logout.INFO: Benutzer abgemeldet [] []
[2021-12-30T18:57:25.800570+00:00] name.INFO: Zugriff auf die Hauptseite von einem unbekannten [] []
[2021-12-30T18:57:31.672984+00:00] name.INFO: Zugriff auf die Hauptseite von einem unbekannten [] []
[2021-12-30T18:58:32.342692+00:00] Logout.INFO: Benutzer abgemeldet [] []
[2021-12-30T18:58:32.376946+00:00] name.INFO: Zugriff auf die Hauptseite von einem unbekannten [] []
[2021-12-30T18:58:48.066184+00:00] name.INFO: Angemeldet als:  ["admin@emensa.example"] []
[2021-12-30T18:58:48.113414+00:00] name.INFO: Zugriff auf die Hauptseite von einem unbekannten [] []
[2021-12-30T18:58:53.858462+00:00] Logout.INFO: Benutzer abgemeldet [] []
[2021-12-30T18:58:53.891158+00:00] name.INFO: Zugriff auf die Hauptseite von einem unbekannten [] []
[2021-12-30T18:59:00.300965+00:00] Logout.INFO: Benutzer abgemeldet [] []
[2021-12-30T18:59:00.329876+00:00] name.INFO: Zugriff auf die Hauptseite von einem unbekannten [] []
[2021-12-30T18:59:04.854316+00:00] Logout.INFO: Benutzer abgemeldet [] []
[2021-12-30T18:59:04.894650+00:00] name.INFO: Zugriff auf die Hauptseite von einem unbekannten [] []
[2021-12-30T19:16:25.038555+00:00] name.INFO: Zugriff auf die Hauptseite von einem unbekannten [] []
[2021-12-30T19:16:34.978498+00:00] name.INFO: Falsches Passwort von Benutzer:  ["admin@emensa.example"] []
[2021-12-30T19:41:31.863155+00:00] name.INFO: Zugriff auf die Hauptseite von einem unbekannten [] []
[2021-12-30T19:43:06.098714+00:00] name.INFO: Angemeldet als:  ["admin@emensa.example"] []
[2021-12-30T20:06:58.890386+00:00] name.INFO: Angemeldet als:  ["admin@emensa.example"] []
[2021-12-30T20:06:58.951927+00:00] name.INFO: Zugriff auf die Hauptseite von einem unbekannten [] []
[2021-12-30T20:07:01.291590+00:00] Logout.INFO: Benutzer abgemeldet [] []
[2021-12-30T20:07:01.324218+00:00] name.INFO: Zugriff auf die Hauptseite von einem unbekannten [] []
[2021-12-30T20:07:07.390136+00:00] name.INFO: Angemeldet als:  ["admin@emensa.example"] []
[2021-12-30T20:07:07.445484+00:00] name.INFO: Zugriff auf die Hauptseite von einem unbekannten [] []
[2021-12-30T20:07:09.450082+00:00] Logout.INFO: Benutzer abgemeldet [] []
[2021-12-30T20:07:09.482059+00:00] name.INFO: Zugriff auf die Hauptseite von einem unbekannten [] []
[2021-12-30T20:07:19.201660+00:00] name.INFO: Angemeldet als:  ["admin@emensa.example"] []
[2021-12-30T20:07:19.244471+00:00] name.INFO: Zugriff auf die Hauptseite von einem unbekannten [] []
[2021-12-30T20:15:06.170603+00:00] Logout.INFO: Benutzer abgemeldet [] []
[2021-12-30T20:15:06.258265+00:00] name.INFO: Zugriff auf die Hauptseite von einem unbekannten [] []
[2021-12-30T20:15:14.102923+00:00] name.INFO: Angemeldet als:  ["admin@emensa.example"] []
[2021-12-30T20:15:30.583145+00:00] name.INFO: Angemeldet als:  ["admin@emensa.example"] []
[2021-12-30T20:15:30.626155+00:00] name.INFO: Zugriff auf die Hauptseite von einem unbekannten [] []
[2021-12-30T20:15:32.578528+00:00] Logout.INFO: Benutzer abgemeldet [] []
[2021-12-30T20:15:32.632727+00:00] name.INFO: Zugriff auf die Hauptseite von einem unbekannten [] []
[2021-12-30T20:15:37.460473+00:00] name.INFO: Angemeldet als:  ["admin@emensa.example"] []
[2021-12-30T20:15:37.517338+00:00] name.INFO: Zugriff auf die Hauptseite von einem unbekannten [] []
[2021-12-30T20:19:07.784960+00:00] Logout.INFO: Benutzer abgemeldet [] []
[2021-12-30T20:19:07.836644+00:00] name.INFO: Zugriff auf die Hauptseite von einem unbekannten [] []
[2021-12-30T20:19:12.269695+00:00] name.INFO: Angemeldet als:  ["admin@emensa.example"] []
[2021-12-30T20:19:12.327253+00:00] name.INFO: Zugriff auf die Hauptseite von einem unbekannten [] []
[2022-01-04T13:36:33.214690+00:00] name.INFO: Zugriff auf die Hauptseite von einem unbekannten [] []
[2022-01-04T13:36:45.639776+00:00] Logout.INFO: Benutzer abgemeldet [] []
[2022-01-04T13:36:45.673447+00:00] name.INFO: Zugriff auf die Hauptseite von einem unbekannten [] []
[2022-01-04T13:55:40.847068+00:00] name.INFO: Zugriff auf die Hauptseite von einem unbekannten [] []
[2022-01-04T13:56:18.028880+00:00] name.INFO: Angemeldet als:  ["admin@emensa.example"] []
[2022-01-04T13:56:18.154265+00:00] name.INFO: Zugriff auf die Hauptseite von einem unbekannten [] []
[2022-01-04T13:56:23.969819+00:00] Logout.INFO: Benutzer abgemeldet [] []
[2022-01-04T13:56:24.006308+00:00] name.INFO: Zugriff auf die Hauptseite von einem unbekannten [] []
[2022-01-08T13:13:07.564912+00:00] name.INFO: Zugriff auf die Hauptseite von einem unbekannten [] []
[2022-01-11T11:16:17.992417+00:00] name.INFO: Zugriff auf die Hauptseite von einem unbekannten [] []
[2022-01-11T11:19:33.553285+00:00] name.INFO: Zugriff auf die Hauptseite von einem unbekannten [] []
[2022-01-11T11:19:48.026210+00:00] name.INFO: Zugriff auf die Hauptseite von einem unbekannten [] []
[2022-01-11T11:19:57.933953+00:00] name.INFO: Zugriff auf die Hauptseite von einem unbekannten [] []
[2022-01-11T12:10:25.164247+00:00] name.INFO: Zugriff auf die Hauptseite von einem unbekannten [] []
[2022-01-11T12:11:13.287666+00:00] name.INFO: Zugriff auf die Hauptseite von einem unbekannten [] []
[2022-01-11T12:11:25.854606+00:00] name.INFO: Zugriff auf die Hauptseite von einem unbekannten [] []
[2022-01-11T12:11:32.108600+00:00] name.INFO: Zugriff auf die Hauptseite von einem unbekannten [] []
[2022-01-11T12:11:50.296126+00:00] name.INFO: Zugriff auf die Hauptseite von einem unbekannten [] []
[2022-01-11T12:15:30.704013+00:00] name.INFO: Angemeldet als:  ["admin@emensa.example"] []
[2022-01-11T12:15:30.806085+00:00] name.INFO: Zugriff auf die Hauptseite von einem unbekannten [] []
[2022-01-11T12:16:11.295319+00:00] name.INFO: Zugriff auf die Hauptseite von einem unbekannten [] []
[2022-01-11T12:16:54.778559+00:00] name.INFO: Zugriff auf die Hauptseite von einem unbekannten [] []
[2022-01-11T12:17:04.972236+00:00] Logout.INFO: Benutzer abgemeldet [] []
[2022-01-11T12:17:05.020314+00:00] name.INFO: Zugriff auf die Hauptseite von einem unbekannten [] []
[2022-01-11T12:17:09.775369+00:00] name.INFO: Zugriff auf die Hauptseite von einem unbekannten [] []
[2022-01-11T12:17:17.392173+00:00] name.INFO: Angemeldet als:  ["admin@emensa.example"] []
[2022-01-11T12:17:17.422980+00:00] name.INFO: Zugriff auf die Hauptseite von einem unbekannten [] []
[2022-01-11T12:19:25.656427+00:00] name.INFO: Zugriff auf die Hauptseite von einem unbekannten [] []
[2022-01-11T12:20:06.427187+00:00] name.INFO: Zugriff auf die Hauptseite von einem unbekannten [] []
[2022-01-11T12:20:13.144465+00:00] name.INFO: Zugriff auf die Hauptseite von einem unbekannten [] []
[2022-01-11T12:22:31.457208+00:00] name.INFO: Zugriff auf die Hauptseite von einem unbekannten [] []
[2022-01-11T12:22:34.063585+00:00] name.INFO: Zugriff auf die Hauptseite von einem unbekannten [] []
[2022-01-11T12:22:36.267609+00:00] name.INFO: Zugriff auf die Hauptseite von einem unbekannten [] []
[2022-01-11T12:22:39.928082+00:00] name.INFO: Zugriff auf die Hauptseite von einem unbekannten [] []
[2022-01-11T12:23:15.147983+00:00] name.INFO: Zugriff auf die Hauptseite von einem unbekannten [] []
[2022-01-11T12:23:17.632168+00:00] name.INFO: Zugriff auf die Hauptseite von einem unbekannten [] []
[2022-01-11T12:23:23.675886+00:00] name.INFO: Zugriff auf die Hauptseite von einem unbekannten [] []
[2022-01-11T12:23:26.219575+00:00] name.INFO: Zugriff auf die Hauptseite von einem unbekannten [] []
[2022-01-11T12:23:31.082499+00:00] name.INFO: Zugriff auf die Hauptseite von einem unbekannten [] []
[2022-01-11T12:24:13.897339+00:00] name.INFO: Zugriff auf die Hauptseite von einem unbekannten [] []
[2022-01-11T12:24:28.642391+00:00] name.INFO: Zugriff auf die Hauptseite von einem unbekannten [] []
[2022-01-11T12:26:05.694880+00:00] name.INFO: Zugriff auf die Hauptseite von einem unbekannten [] []
[2022-01-11T12:26:09.364755+00:00] name.INFO: Zugriff auf die Hauptseite von einem unbekannten [] []
[2022-01-11T12:26:11.113943+00:00] Logout.INFO: Benutzer abgemeldet [] []
[2022-01-11T12:26:11.136497+00:00] name.INFO: Zugriff auf die Hauptseite von einem unbekannten [] []
[2022-01-11T12:28:27.389742+00:00] name.INFO: Zugriff auf die Hauptseite von einem unbekannten [] []
[2022-01-11T12:29:25.188094+00:00] name.INFO: Zugriff auf die Hauptseite von einem unbekannten [] []
[2022-01-11T12:29:32.877865+00:00] name.INFO: Zugriff auf die Hauptseite von einem unbekannten [] []
[2022-01-11T12:29:40.748269+00:00] name.INFO: Angemeldet als:  ["admin@emensa.example"] []
[2022-01-11T12:29:40.802150+00:00] name.INFO: Zugriff auf die Hauptseite von einem unbekannten [] []
[2022-01-11T12:29:44.139001+00:00] name.INFO: Zugriff auf die Hauptseite von einem unbekannten [] []
[2022-01-11T12:29:46.898335+00:00] name.INFO: Zugriff auf die Hauptseite von einem unbekannten [] []
[2022-01-11T13:24:45.784287+00:00] name.INFO: Zugriff auf die Hauptseite von einem unbekannten [] []
[2022-01-11T13:26:25.044817+00:00] name.INFO: Zugriff auf die Hauptseite von einem unbekannten [] []
[2022-01-11T13:29:29.082447+00:00] name.INFO: Zugriff auf die Hauptseite von einem unbekannten [] []
[2022-01-11T13:33:44.892107+00:00] name.INFO: Zugriff auf die Hauptseite von einem unbekannten [] []
[2022-01-11T13:33:47.170255+00:00] name.INFO: Zugriff auf die Hauptseite von einem unbekannten [] []
[2022-01-11T13:33:55.034307+00:00] name.INFO: Zugriff auf die Hauptseite von einem unbekannten [] []
[2022-01-11T13:34:21.002900+00:00] name.INFO: Zugriff auf die Hauptseite von einem unbekannten [] []
[2022-01-11T13:34:44.533246+00:00] name.INFO: Zugriff auf die Hauptseite von einem unbekannten [] []
[2022-01-11T13:34:48.397439+00:00] name.INFO: Zugriff auf die Hauptseite von einem unbekannten [] []
[2022-01-11T13:40:38.384677+00:00] name.INFO: Zugriff auf die Hauptseite von einem unbekannten [] []
[2022-01-11T13:42:07.108231+00:00] Logout.INFO: Benutzer abgemeldet [] []
[2022-01-11T13:42:07.138667+00:00] name.INFO: Zugriff auf die Hauptseite von einem unbekannten [] []
[2022-01-11T13:42:15.127845+00:00] name.INFO: Angemeldet als:  ["admin@emensa.example"] []
[2022-01-11T13:42:15.178723+00:00] name.INFO: Zugriff auf die Hauptseite von einem unbekannten [] []
[2022-01-11T15:03:30.585743+00:00] Logout.INFO: Benutzer abgemeldet [] []
[2022-01-11T15:03:30.658554+00:00] name.INFO: Zugriff auf die Hauptseite von einem unbekannten [] []
[2022-01-11T15:03:40.592076+00:00] name.INFO: Angemeldet als:  ["admin@emensa.example"] []
[2022-01-11T15:03:40.655471+00:00] name.INFO: Zugriff auf die Hauptseite von einem unbekannten [] []
[2022-01-11T15:05:15.939731+00:00] name.INFO: Zugriff auf die Hauptseite von einem unbekannten [] []
[2022-01-11T15:23:15.031979+00:00] Logout.INFO: Benutzer abgemeldet [] []
[2022-01-11T15:23:15.068080+00:00] name.INFO: Zugriff auf die Hauptseite von einem unbekannten [] []
[2022-01-11T15:23:52.929783+00:00] name.INFO: Zugriff auf die Hauptseite von einem unbekannten [] []
[2022-01-11T15:24:05.696566+00:00] name.INFO: Zugriff auf die Hauptseite von einem unbekannten [] []
[2022-01-11T15:24:21.786797+00:00] name.INFO: Angemeldet als:  ["admin@emensa.example"] []
[2022-01-11T15:24:21.831943+00:00] name.INFO: Zugriff auf die Hauptseite von einem unbekannten [] []
[2022-01-11T15:24:42.393108+00:00] name.INFO: Zugriff auf die Hauptseite von einem unbekannten [] []
[2022-01-11T15:25:28.468455+00:00] name.INFO: Zugriff auf die Hauptseite von einem unbekannten [] []
[2022-01-11T15:27:04.829161+00:00] name.INFO: Zugriff auf die Hauptseite von einem unbekannten [] []
[2022-01-11T15:27:06.699364+00:00] Logout.INFO: Benutzer abgemeldet [] []
[2022-01-11T15:27:06.740838+00:00] name.INFO: Zugriff auf die Hauptseite von einem unbekannten [] []
[2022-01-11T15:27:15.467558+00:00] name.INFO: Angemeldet als:  ["admin@emensa.example"] []
[2022-01-11T15:27:15.541240+00:00] name.INFO: Zugriff auf die Hauptseite von einem unbekannten [] []
[2022-01-11T16:08:31.159974+00:00] Logout.INFO: Benutzer abgemeldet [] []
[2022-01-11T16:08:31.217711+00:00] name.INFO: Zugriff auf die Hauptseite von einem unbekannten [] []
[2022-01-11T16:08:37.605681+00:00] name.INFO: Angemeldet als:  ["admin@emensa.example"] []
[2022-01-11T16:08:37.692367+00:00] name.INFO: Zugriff auf die Hauptseite von einem unbekannten [] []
[2022-01-11T16:08:42.872996+00:00] name.INFO: Zugriff auf die Hauptseite von einem unbekannten [] []
[2022-01-11T16:08:57.429253+00:00] Logout.INFO: Benutzer abgemeldet [] []
[2022-01-11T16:08:57.475479+00:00] name.INFO: Zugriff auf die Hauptseite von einem unbekannten [] []
[2022-01-11T16:09:03.337055+00:00] name.INFO: Angemeldet als:  ["admin@emensa.example"] []
[2022-01-11T16:09:03.403925+00:00] name.INFO: Zugriff auf die Hauptseite von einem unbekannten [] []
[2022-01-11T16:10:28.747240+00:00] name.INFO: Zugriff auf die Hauptseite von einem unbekannten [] []
[2022-01-11T16:14:15.961425+00:00] name.INFO: Zugriff auf die Hauptseite von einem unbekannten [] []
[2022-01-11T16:14:19.992974+00:00] Logout.INFO: Benutzer abgemeldet [] []
[2022-01-11T16:14:20.029325+00:00] name.INFO: Zugriff auf die Hauptseite von einem unbekannten [] []
[2022-01-11T16:14:25.266196+00:00] name.INFO: Angemeldet als:  ["admin@emensa.example"] []
[2022-01-11T16:14:25.317814+00:00] name.INFO: Zugriff auf die Hauptseite von einem unbekannten [] []
[2022-01-11T16:57:24.521381+00:00] Logout.INFO: Benutzer abgemeldet [] []
[2022-01-11T16:57:24.569768+00:00] name.INFO: Zugriff auf die Hauptseite von einem unbekannten [] []
[2022-01-11T16:57:45.436365+00:00] name.INFO: Zugriff auf die Hauptseite von einem unbekannten [] []
[2022-01-11T17:16:50.499994+00:00] name.INFO: Zugriff auf die Hauptseite von einem unbekannten [] []
[2022-01-11T17:17:35.130547+00:00] name.INFO: Zugriff auf die Hauptseite von einem unbekannten [] []
[2022-01-11T17:17:47.639017+00:00] name.INFO: Angemeldet als:  ["admin@emensa.example"] []
[2022-01-11T17:17:47.746918+00:00] name.INFO: Zugriff auf die Hauptseite von einem unbekannten [] []
[2022-01-11T17:18:41.348784+00:00] name.INFO: Zugriff auf die Hauptseite von einem unbekannten [] []
[2022-01-11T17:18:46.750971+00:00] name.INFO: Zugriff auf die Hauptseite von einem unbekannten [] []
[2022-01-11T17:19:17.186757+00:00] name.INFO: Zugriff auf die Hauptseite von einem unbekannten [] []
[2022-01-11T17:19:23.834944+00:00] name.INFO: Zugriff auf die Hauptseite von einem unbekannten [] []
[2022-01-11T17:20:28.328283+00:00] name.INFO: Zugriff auf die Hauptseite von einem unbekannten [] []
[2022-01-11T17:24:55.411554+00:00] name.INFO: Zugriff auf die Hauptseite von einem unbekannten [] []
[2022-01-11T17:29:51.030118+00:00] name.INFO: Zugriff auf die Hauptseite von einem unbekannten [] []
[2022-01-11T17:29:54.795520+00:00] name.INFO: Zugriff auf die Hauptseite von einem unbekannten [] []
[2022-01-11T17:29:59.472810+00:00] name.INFO: Zugriff auf die Hauptseite von einem unbekannten [] []
[2022-01-11T17:30:03.079280+00:00] name.INFO: Zugriff auf die Hauptseite von einem unbekannten [] []
[2022-01-11T17:30:06.431603+00:00] Logout.INFO: Benutzer abgemeldet [] []
[2022-01-11T17:30:06.481612+00:00] name.INFO: Zugriff auf die Hauptseite von einem unbekannten [] []
[2022-01-11T17:30:27.260704+00:00] name.INFO: Zugriff auf die Hauptseite von einem unbekannten [] []
[2022-01-11T17:30:33.091818+00:00] name.INFO: Angemeldet als:  ["admin@emensa.example"] []
[2022-01-11T17:30:33.153078+00:00] name.INFO: Zugriff auf die Hauptseite von einem unbekannten [] []
[2022-01-11T17:30:39.272653+00:00] name.INFO: Zugriff auf die Hauptseite von einem unbekannten [] []
[2022-01-11T17:34:44.456943+00:00] name.INFO: Zugriff auf die Hauptseite von einem unbekannten [] []
[2022-01-11T17:41:59.640265+00:00] name.INFO: Zugriff auf die Hauptseite von einem unbekannten [] []
[2022-01-11T17:42:07.716422+00:00] name.INFO: Zugriff auf die Hauptseite von einem unbekannten [] []
[2022-01-11T17:45:01.650314+00:00] name.INFO: Zugriff auf die Hauptseite von einem unbekannten [] []
[2022-01-11T17:45:04.831934+00:00] name.INFO: Zugriff auf die Hauptseite von einem unbekannten [] []
[2022-01-11T17:45:09.908983+00:00] name.INFO: Zugriff auf die Hauptseite von einem unbekannten [] []
[2022-01-11T17:45:15.071013+00:00] name.INFO: Zugriff auf die Hauptseite von einem unbekannten [] []
[2022-01-11T17:53:48.542618+00:00] name.INFO: Zugriff auf die Hauptseite von einem unbekannten [] []
[2022-01-11T17:58:07.768936+00:00] name.INFO: Zugriff auf die Hauptseite von einem unbekannten [] []
[2022-01-11T18:10:40.935368+00:00] name.INFO: Zugriff auf die Hauptseite von einem unbekannten [] []
[2022-01-11T18:12:08.601382+00:00] name.INFO: Zugriff auf die Hauptseite von einem unbekannten [] []
[2022-01-11T18:12:12.676992+00:00] name.INFO: Zugriff auf die Hauptseite von einem unbekannten [] []
[2022-01-11T18:12:48.446468+00:00] name.INFO: Zugriff auf die Hauptseite von einem unbekannten [] []
[2022-01-11T18:13:49.624462+00:00] name.INFO: Zugriff auf die Hauptseite von einem unbekannten [] []
[2022-01-11T18:13:52.992085+00:00] name.INFO: Zugriff auf die Hauptseite von einem unbekannten [] []
[2022-01-11T18:13:57.309324+00:00] name.INFO: Zugriff auf die Hauptseite von einem unbekannten [] []
[2022-01-11T18:20:21.942246+00:00] name.INFO: Zugriff auf die Hauptseite von einem unbekannten [] []
[2022-01-11T18:51:40.705589+00:00] name.INFO: Zugriff auf die Hauptseite von einem unbekannten [] []
[2022-01-12T11:30:06.940326+00:00] name.INFO: Zugriff auf die Hauptseite von einem unbekannten [] []
[2022-01-12T11:39:40.789683+00:00] Logout.INFO: Benutzer abgemeldet [] []
[2022-01-12T11:39:40.852325+00:00] name.INFO: Zugriff auf die Hauptseite von einem unbekannten [] []
[2022-01-12T11:39:46.447110+00:00] name.INFO: Angemeldet als:  ["admin@emensa.example"] []
[2022-01-12T11:39:46.536641+00:00] name.INFO: Zugriff auf die Hauptseite von einem unbekannten [] []
[2022-01-12T11:47:38.849604+00:00] name.INFO: Zugriff auf die Hauptseite von einem unbekannten [] []
[2022-01-12T12:06:42.549510+00:00] name.INFO: Zugriff auf die Hauptseite von einem unbekannten [] []
[2022-01-12T12:11:30.069361+00:00] name.INFO: Zugriff auf die Hauptseite von einem unbekannten [] []
[2022-01-12T12:12:33.560608+00:00] name.INFO: Zugriff auf die Hauptseite von einem unbekannten [] []
[2022-01-12T12:12:46.097129+00:00] name.INFO: Zugriff auf die Hauptseite von einem unbekannten [] []
[2022-01-12T12:13:09.756941+00:00] name.INFO: Zugriff auf die Hauptseite von einem unbekannten [] []
[2022-01-12T12:25:39.957241+00:00] name.INFO: Zugriff auf die Hauptseite von einem unbekannten [] []
[2022-01-12T12:26:20.781311+00:00] name.INFO: Zugriff auf die Hauptseite von einem unbekannten [] []
[2022-01-13T19:27:54.896343+00:00] name.INFO: Zugriff auf die Hauptseite von einem unbekannten [] []
[2022-01-13T19:28:17.614980+00:00] name.INFO: Zugriff auf die Hauptseite von einem unbekannten [] []
